<?xml version="1.0" encoding="UTF-8" ?>
<testsuite failures="1" time="0.085" errors="0" skipped="0" tests="1" name="kata.KataTest">
  <properties>
    <property name="java.runtime.name" value="Java(TM) SE Runtime Environment"/>
    <property name="sun.boot.library.path" value="C:\Program Files\Java\jdk1.6.0_35\jre\bin"/>
    <property name="java.vm.version" value="20.10-b01"/>
    <property name="java.vm.vendor" value="Sun Microsystems Inc."/>
    <property name="java.vendor.url" value="http://java.sun.com/"/>
    <property name="path.separator" value=";"/>
    <property name="java.vm.name" value="Java HotSpot(TM) 64-Bit Server VM"/>
    <property name="file.encoding.pkg" value="sun.io"/>
    <property name="user.country" value="FR"/>
    <property name="sun.java.launcher" value="SUN_STANDARD"/>
    <property name="sun.os.patch.level" value="Service Pack 1"/>
    <property name="java.vm.specification.name" value="Java Virtual Machine Specification"/>
    <property name="user.dir" value="C:\code\kata-setup\java"/>
    <property name="java.runtime.version" value="1.6.0_35-b10"/>
    <property name="java.awt.graphicsenv" value="sun.awt.Win32GraphicsEnvironment"/>
    <property name="basedir" value="C:\code\kata-setup\java"/>
    <property name="java.endorsed.dirs" value="C:\Program Files\Java\jdk1.6.0_35\jre\lib\endorsed"/>
    <property name="os.arch" value="amd64"/>
    <property name="surefire.real.class.path" value="C:\code\kata-setup\java\target\surefire\surefirebooter6912523000956727126.jar"/>
    <property name="java.io.tmpdir" value="C:\Users\SKWG9735\AppData\Local\Temp\"/>
    <property name="line.separator" value="
"/>
    <property name="java.vm.specification.vendor" value="Sun Microsystems Inc."/>
    <property name="user.variant" value=""/>
    <property name="os.name" value="Windows 7"/>
    <property name="sun.jnu.encoding" value="Cp1252"/>
    <property name="java.library.path" value="C:\Program Files\Java\jdk1.6.0_35\jre\bin;C:\Windows\Sun\Java\bin;C:\Windows\system32;C:\Windows;C:\Program Files (x86)\JetBrains\IntelliJ IDEA 11.1.5\bin\..\.\bin;C:\Program Files\CollabNet\Subversion Client;C:\Windows\system32;C:\Windows;C:\Windows\System32\Wbem;C:\Windows\System32\WindowsPowerShell\v1.0\;C:\Windows\idmu\common;C:\Program Files\WIDCOMM\Bluetooth Software\;C:\Program Files\WIDCOMM\Bluetooth Software\syswow64;C:\Program Files\Aladdin\eToken\PKIClient\x32;C:\Program Files\Aladdin\eToken\PKIClient\x64;C:\Program Files\TortoiseSVN\bin;C:\Program Files\Imprimerie Nationale\PKI\bin;E:\appft\apache-maven-3.0.3\bin;&quot;C:\My Program Files\spring-roo-1.2.2.RELEASE&quot;\bin;c:\program files\java\jdk1.6.0_35\jre\bin;."/>
    <property name="surefire.test.class.path" value="C:\code\kata-setup\java\target\test-classes;C:\code\kata-setup\java\target\classes;E:\maven2\repository\junit\junit\4.8.2\junit-4.8.2.jar;E:\maven2\repository\org\mockito\mockito-all\1.8.5\mockito-all-1.8.5.jar;E:\maven2\repository\org\easytesting\fest-assert\1.4\fest-assert-1.4.jar;E:\maven2\repository\org\easytesting\fest-util\1.1.6\fest-util-1.1.6.jar;"/>
    <property name="java.specification.name" value="Java Platform API Specification"/>
    <property name="java.class.version" value="50.0"/>
    <property name="sun.management.compiler" value="HotSpot 64-Bit Tiered Compilers"/>
    <property name="os.version" value="6.1"/>
    <property name="user.home" value="C:\Users\SKWG9735"/>
    <property name="user.timezone" value=""/>
    <property name="java.awt.printerjob" value="sun.awt.windows.WPrinterJob"/>
    <property name="java.specification.version" value="1.6"/>
    <property name="file.encoding" value="Cp1252"/>
    <property name="user.name" value="skwg9735"/>
    <property name="java.class.path" value="C:\code\kata-setup\java\target\test-classes;C:\code\kata-setup\java\target\classes;E:\maven2\repository\junit\junit\4.8.2\junit-4.8.2.jar;E:\maven2\repository\org\mockito\mockito-all\1.8.5\mockito-all-1.8.5.jar;E:\maven2\repository\org\easytesting\fest-assert\1.4\fest-assert-1.4.jar;E:\maven2\repository\org\easytesting\fest-util\1.1.6\fest-util-1.1.6.jar;"/>
    <property name="java.vm.specification.version" value="1.0"/>
    <property name="sun.arch.data.model" value="64"/>
    <property name="java.home" value="C:\Program Files\Java\jdk1.6.0_35\jre"/>
    <property name="sun.java.command" value="C:\code\kata-setup\java\target\surefire\surefirebooter6912523000956727126.jar C:\code\kata-setup\java\target\surefire\surefire7300418433641207126tmp C:\code\kata-setup\java\target\surefire\surefire6240509256479407528tmp"/>
    <property name="java.specification.vendor" value="Sun Microsystems Inc."/>
    <property name="user.language" value="fr"/>
    <property name="awt.toolkit" value="sun.awt.windows.WToolkit"/>
    <property name="java.vm.info" value="mixed mode"/>
    <property name="java.version" value="1.6.0_35"/>
    <property name="java.ext.dirs" value="C:\Program Files\Java\jdk1.6.0_35\jre\lib\ext;C:\Windows\Sun\Java\lib\ext"/>
    <property name="sun.boot.class.path" value="C:\Program Files\Java\jdk1.6.0_35\jre\lib\resources.jar;C:\Program Files\Java\jdk1.6.0_35\jre\lib\rt.jar;C:\Program Files\Java\jdk1.6.0_35\jre\lib\sunrsasign.jar;C:\Program Files\Java\jdk1.6.0_35\jre\lib\jsse.jar;C:\Program Files\Java\jdk1.6.0_35\jre\lib\jce.jar;C:\Program Files\Java\jdk1.6.0_35\jre\lib\charsets.jar;C:\Program Files\Java\jdk1.6.0_35\jre\lib\modules\jdk.boot.jar;C:\Program Files\Java\jdk1.6.0_35\jre\classes"/>
    <property name="java.vendor" value="Sun Microsystems Inc."/>
    <property name="localRepository" value="E:\maven2\repository"/>
    <property name="file.separator" value="\"/>
    <property name="java.vendor.url.bug" value="http://java.sun.com/cgi-bin/bugreport.cgi"/>
    <property name="sun.cpu.endian" value="little"/>
    <property name="sun.io.unicode.encoding" value="UnicodeLittle"/>
    <property name="sun.desktop" value="windows"/>
    <property name="sun.cpu.isalist" value="amd64"/>
  </properties>
  <testcase time="0.033" classname="kata.KataTest" name="whenFooIsCalled_thenItReturnsBar">
    <failure message="expected:&lt;&apos;[bar]&apos;&gt; but was:&lt;&apos;[qix]&apos;&gt;" type="org.junit.ComparisonFailure">org.junit.ComparisonFailure: expected:&lt;&apos;[bar]&apos;&gt; but was:&lt;&apos;[qix]&apos;&gt;
	at sun.reflect.NativeConstructorAccessorImpl.newInstance0(Native Method)
	at sun.reflect.NativeConstructorAccessorImpl.newInstance(NativeConstructorAccessorImpl.java:39)
	at sun.reflect.DelegatingConstructorAccessorImpl.newInstance(DelegatingConstructorAccessorImpl.java:27)
	at java.lang.reflect.Constructor.newInstance(Constructor.java:513)
	at org.fest.assertions.ConstructorInvoker.newInstance(ConstructorInvoker.java:36)
	at org.fest.assertions.ComparisonFailureFactory.newComparisonFailure(ComparisonFailureFactory.java:60)
	at org.fest.assertions.ComparisonFailureFactory.comparisonFailure(ComparisonFailureFactory.java:46)
	at org.fest.assertions.Fail.comparisonFailed(Fail.java:83)
	at org.fest.assertions.Fail.failIfNotEqual(Fail.java:71)
	at org.fest.assertions.GenericAssert.isEqualTo(GenericAssert.java:217)
	at kata.KataTest.whenFooIsCalled_thenItReturnsBar(KataTest.java:11)
	at sun.reflect.NativeMethodAccessorImpl.invoke0(Native Method)
	at sun.reflect.NativeMethodAccessorImpl.invoke(NativeMethodAccessorImpl.java:39)
	at sun.reflect.DelegatingMethodAccessorImpl.invoke(DelegatingMethodAccessorImpl.java:25)
	at java.lang.reflect.Method.invoke(Method.java:597)
	at org.junit.runners.model.FrameworkMethod$1.runReflectiveCall(FrameworkMethod.java:44)
	at org.junit.internal.runners.model.ReflectiveCallable.run(ReflectiveCallable.java:15)
	at org.junit.runners.model.FrameworkMethod.invokeExplosively(FrameworkMethod.java:41)
	at org.junit.internal.runners.statements.InvokeMethod.evaluate(InvokeMethod.java:20)
	at org.junit.runners.BlockJUnit4ClassRunner.runNotIgnored(BlockJUnit4ClassRunner.java:79)
	at org.junit.runners.BlockJUnit4ClassRunner.runChild(BlockJUnit4ClassRunner.java:71)
	at org.junit.runners.BlockJUnit4ClassRunner.runChild(BlockJUnit4ClassRunner.java:49)
	at org.junit.runners.ParentRunner$3.run(ParentRunner.java:193)
	at org.junit.runners.ParentRunner$1.schedule(ParentRunner.java:52)
	at org.junit.runners.ParentRunner.runChildren(ParentRunner.java:191)
	at org.junit.runners.ParentRunner.access$000(ParentRunner.java:42)
	at org.junit.runners.ParentRunner$2.evaluate(ParentRunner.java:184)
	at org.junit.runners.ParentRunner.run(ParentRunner.java:236)
	at org.apache.maven.surefire.junit4.JUnit4TestSet.execute(JUnit4TestSet.java:35)
	at org.apache.maven.surefire.junit4.JUnit4Provider.executeTestSet(JUnit4Provider.java:115)
	at org.apache.maven.surefire.junit4.JUnit4Provider.invoke(JUnit4Provider.java:97)
	at sun.reflect.NativeMethodAccessorImpl.invoke0(Native Method)
	at sun.reflect.NativeMethodAccessorImpl.invoke(NativeMethodAccessorImpl.java:39)
	at sun.reflect.DelegatingMethodAccessorImpl.invoke(DelegatingMethodAccessorImpl.java:25)
	at java.lang.reflect.Method.invoke(Method.java:597)
	at org.apache.maven.surefire.booter.ProviderFactory$ClassLoaderProxy.invoke(ProviderFactory.java:103)
	at $Proxy0.invoke(Unknown Source)
	at org.apache.maven.surefire.booter.SurefireStarter.invokeProvider(SurefireStarter.java:150)
	at org.apache.maven.surefire.booter.SurefireStarter.runSuitesInProcess(SurefireStarter.java:91)
	at org.apache.maven.surefire.booter.ForkedBooter.main(ForkedBooter.java:69)
</failure>
    <system-out>@HL
@HL-------------------------------------------------------
@HL T E S T S
@HL-------------------------------------------------------
@SLRunning kata.KataTest
</system-out>
  </testcase>
</testsuite>